


ARM Macro Assembler    Page 1 


    1 00000000         ; Vector Table Mapped to Address 0 at Reset
    2 00000000         
    3 00000000                 PRESERVE8
    4 00000000                 THUMB
    5 00000000         
    6 00000000                 AREA             RESET, DATA, READONLY ; First 3
                                                            2 WORDS is VECTOR T
                                                            ABLE
    7 00000000                 EXPORT           __Vectors
    8 00000000         
    9 00000000 000003FC 
                       __Vectors
                               DCD              0x000003FC  ; 1K Internal Memor
                                                            y
   10 00000004 00000000        DCD              Reset_Handler
   11 00000008 00000000        DCD              0
   12 0000000C 00000000        DCD              0
   13 00000010 00000000        DCD              0
   14 00000014 00000000        DCD              0
   15 00000018 00000000        DCD              0
   16 0000001C 00000000        DCD              0
   17 00000020 00000000        DCD              0
   18 00000024 00000000        DCD              0
   19 00000028 00000000        DCD              0
   20 0000002C 00000000        DCD              0
   21 00000030 00000000        DCD              0
   22 00000034 00000000        DCD              0
   23 00000038 00000000        DCD              0
   24 0000003C 00000000        DCD              0
   25 00000040         
   26 00000040         ; External Interrupts
   27 00000040         
   28 00000040 00000000        DCD              0
   29 00000044 00000000        DCD              0
   30 00000048 00000000        DCD              0
   31 0000004C 00000000        DCD              0
   32 00000050 00000000        DCD              0
   33 00000054 00000000        DCD              0
   34 00000058 00000000        DCD              0
   35 0000005C 00000000        DCD              0
   36 00000060 00000000        DCD              0
   37 00000064 00000000        DCD              0
   38 00000068 00000000        DCD              0
   39 0000006C 00000000        DCD              0
   40 00000070 00000000        DCD              0
   41 00000074 00000000        DCD              0
   42 00000078 00000000        DCD              0
   43 0000007C 00000000        DCD              0
   44 00000080         
   45 00000080                 AREA             |.text|, CODE, READONLY
   46 00000000         ;Reset Handler
   47 00000000         Reset_Handler
                               PROC
   48 00000000                 GLOBAL           Reset_Handler
   49 00000000                 ENTRY
   50 00000000         
   51 00000000 4906    AGAIN   LDR              R1, =0x51000000
   52 00000002 4807            LDR              R0, =0x20152794
   53 00000004 6008            STR              R0, [R1]



ARM Macro Assembler    Page 2 


   54 00000006         
   55 00000006 4807            LDR              R0, =0x01
   56 00000008 1E40    Loop    SUBS             R0,R0,#1
   57 0000000A D1FD            BNE              Loop
   58 0000000C         
   59 0000000C 4906            LDR              R1, =0x52000000
   60 0000000E 4807            LDR              R0, =0x94972510
   61 00000010 6008            STR              R0, [R1]
   62 00000012         
   63 00000012 4807            LDR              R0, =0x02
   64 00000014 1E40    Loop1   SUBS             R0,R0,#1
   65 00000016 D1FD            BNE              Loop1
   66 00000018         
   67 00000018 E7F2            B                AGAIN
   68 0000001A                 ENDP
   69 0000001A         
   70 0000001A         
   71 0000001A         
   72 0000001A                 END
              00 00 51000000 
              20152794 
              00000001 
              52000000 
              94972510 
              00000002 
Command Line: --debug --xref --diag_suppress=9931 --cpu=Cortex-M0 --apcs=interw
ork --depend=.\cm0dsasm.d -o.\cm0dsasm.o -I.\RTE\_Target_1 -IC:\KEIL_V5\Arm\Pac
k\ARM\CMSIS\5.5.1\CMSIS\Core\Include -IC:\KEIL_V5\Arm\Pack\ARM\CMSIS\5.5.1\Devi
ce\ARM\ARMCM0\Include --predefine="__UVISION_VERSION SETA 529" --predefine="_RT
E_ SETA 1" --predefine="ARMCM0 SETA 1" --list=.\cm0dsasm.lst cm0dsasm.s



ARM Macro Assembler    Page 1 Alphabetic symbol ordering
Relocatable symbols

RESET 00000000

Symbol: RESET
   Definitions
      At line 6 in file cm0dsasm.s
   Uses
      None
Comment: RESET unused
__Vectors 00000000

Symbol: __Vectors
   Definitions
      At line 9 in file cm0dsasm.s
   Uses
      At line 7 in file cm0dsasm.s
Comment: __Vectors used once
2 symbols



ARM Macro Assembler    Page 1 Alphabetic symbol ordering
Relocatable symbols

.text 00000000

Symbol: .text
   Definitions
      At line 45 in file cm0dsasm.s
   Uses
      None
Comment: .text unused
AGAIN 00000000

Symbol: AGAIN
   Definitions
      At line 51 in file cm0dsasm.s
   Uses
      At line 67 in file cm0dsasm.s
Comment: AGAIN used once
Loop 00000008

Symbol: Loop
   Definitions
      At line 56 in file cm0dsasm.s
   Uses
      At line 57 in file cm0dsasm.s
Comment: Loop used once
Loop1 00000014

Symbol: Loop1
   Definitions
      At line 64 in file cm0dsasm.s
   Uses
      At line 65 in file cm0dsasm.s
Comment: Loop1 used once
Reset_Handler 00000000

Symbol: Reset_Handler
   Definitions
      At line 47 in file cm0dsasm.s
   Uses
      At line 10 in file cm0dsasm.s
      At line 48 in file cm0dsasm.s

5 symbols
342 symbols in table
